1	08:36:28	File closed	
1	11:21:56	File loaded from E:\rawData\Par4proc.qtm	
1	11:23:51	File closed	
1	11:23:56	File loaded from E:\rawData\Par5proc.c3d	
1	11:24:11	File closed	
1	11:24:19	File loaded from E:\rawData\Par4proc.qtm	
1	11:37:43	File closed	
1	11:37:49	File loaded from E:\rawData\Par4proc.c3d	
2	11:39:27	File loaded from E:\rawData\Par4proc.c3d	
2	11:40:00	File closed	
1	11:40:10	File closed	
1	11:40:11	File loaded from E:\rawData\Par4proc.qtm	
1	11:42:39	File closed	
1	11:42:42	File loaded from E:\rawData\Par4proc.c3d	
1	11:43:00	File closed	
1	11:43:01	File loaded from E:\rawData\Par4proc.qtm	
1	11:46:37	File closed	
1	11:46:41	File loaded from E:\rawData\Par4proc.c3d	
1	11:47:09	File closed	
1	11:47:17	File loaded from E:\rawData\Par4proc.qtm	
1	11:50:55	File saved as E:\rawData\Par4proc.qtm	
1	11:50:55	File closed	
1	11:50:58	File loaded from E:\rawData\Par4proc.c3d	
1	11:54:13	File closed	
1	11:54:55	File loaded from E:\rawData\Par4proc.qtm	
1	12:01:18	File closed	
1	12:02:30	File loaded from E:\rawData\Par4proc.qtm	
1	12:05:57	File closed	
1	12:08:21	Batch processing of 5 files started	
1	12:08:23	File loaded from E:\rawData\Par8proc.qtm	
1	12:11:11	File saved as E:\rawData\Par8proc.qtm	
1	12:11:14	File loaded from E:\rawData\Par7proc.qtm	
1	12:13:43	File saved as E:\rawData\Par7proc.qtm	
1	12:13:46	File loaded from E:\rawData\Par6proc.qtm	
1	12:16:47	File saved as E:\rawData\Par6proc.qtm	
1	12:16:49	File loaded from E:\rawData\Par5proc.qtm	
2	12:18:14	File loaded from E:\rawData\Par4proc.qtm	
1	12:19:16	File saved as E:\rawData\Par5proc.qtm	
1	12:19:26	Finished batch processing 4 files	
2	12:39:06	File closed	
