1	16:33:34	File loaded from E:\1_QUALISYS_DATA\Par7proc.qtm	
1	16:33:55	File closed	
1	16:33:58	File loaded from E:\1_QUALISYS_DATA\Par8proc.qtm	
1	16:34:14	File closed	
1	16:34:16	File loaded from E:\1_QUALISYS_DATA\Pa25proc.qtm	
1	16:56:02	File saved as E:\1_QUALISYS_DATA\Pa25proc.qtm	
1	16:56:03	File closed	
1	16:56:04	File loaded from E:\1_QUALISYS_DATA\Par7proc.qtm	
1	16:59:47	File closed	
1	16:59:48	File loaded from E:\1_QUALISYS_DATA\Par8proc.qtm	
1	17:04:25	File closed	
1	17:04:29	File loaded from E:\1_QUALISYS_DATA\Par9proc.qtm	
1	17:04:51	File closed	
1	17:04:54	File loaded from E:\1_QUALISYS_DATA\Par16proc.qtm	
1	17:05:01	File closed	
1	17:05:01	File loaded from E:\1_QUALISYS_DATA\Par9proc.qtm	
1	17:08:02	File closed	
1	17:08:05	File loaded from E:\1_QUALISYS_DATA\Par10proc.qtm	
1	17:10:58	File closed	
1	17:11:01	File loaded from E:\1_QUALISYS_DATA\Par11proc.qtm	
1	17:13:37	File closed	
1	17:13:40	File loaded from E:\1_QUALISYS_DATA\Par12proc.qtm	
1	17:28:47	File saved as E:\1_QUALISYS_DATA\Par12proc.qtm	
1	17:28:47	File closed	
1	17:28:51	File loaded from E:\1_QUALISYS_DATA\Par14proc.qtm	
1	17:40:35	File saved as E:\1_QUALISYS_DATA\Par14proc.qtm	
1	17:40:35	File closed	
1	17:40:39	File loaded from E:\1_QUALISYS_DATA\Par15proc.qtm	
1	17:50:52	File saved as E:\1_QUALISYS_DATA\Par15proc.qtm	
1	17:50:52	File closed	
1	17:50:53	File loaded from E:\1_QUALISYS_DATA\Par16proc.qtm	
1	18:00:52	File saved as E:\1_QUALISYS_DATA\Par16proc.qtm	
1	18:00:52	File closed	
1	18:00:57	File loaded from E:\1_QUALISYS_DATA\Par17proc.qtm	
1	18:08:31	File saved as E:\1_QUALISYS_DATA\Par17proc.qtm	
1	18:08:31	File closed	
1	18:08:35	File loaded from E:\1_QUALISYS_DATA\Par18proc.qtm	
1	18:16:57	File saved as E:\1_QUALISYS_DATA\Par18proc.qtm	
1	18:16:57	File closed	
1	18:17:01	File loaded from E:\1_QUALISYS_DATA\Par20proc.qtm	
1	18:25:34	File saved as E:\1_QUALISYS_DATA\Par20proc.qtm	
1	18:25:34	File closed	
1	18:25:38	File loaded from E:\1_QUALISYS_DATA\Par21proc.qtm	
1	18:35:43	File saved as E:\1_QUALISYS_DATA\Par21proc.qtm	
1	18:35:43	File closed	
1	18:36:12	File loaded from E:\1_QUALISYS_DATA\Par22proc.qtm	
1	18:46:19	File saved as E:\1_QUALISYS_DATA\Par22proc.qtm	
1	18:46:20	File closed	
1	18:46:23	File loaded from E:\1_QUALISYS_DATA\Par23proc.qtm	
1	18:55:41	File saved as E:\1_QUALISYS_DATA\Par23proc.qtm	
1	18:55:41	File closed	
1	18:55:44	File loaded from E:\1_QUALISYS_DATA\Par24proc.qtm	
1	19:05:55	File saved as E:\1_QUALISYS_DATA\Par24proc.qtm	
1	19:05:55	File closed	
1	19:05:58	File loaded from E:\1_QUALISYS_DATA\Par26proc.qtm	
1	19:10:54	File saved as E:\1_QUALISYS_DATA\Par26proc.qtm	
1	19:10:54	File closed	
